[2020-04-19 11:38:31.787] [sharedprocess] [info] main {"machineId":"d864a1092b36f66737d80cc321990ab82afd9eaacb5acbaeb2ab8dd79d46e1c5","windowId":2}
[2020-04-19 11:38:31.823] [sharedprocess] [error] [File Watcher (node.js)] Error: ENOENT: no such file or directory, stat '/home/toy/.config/Code/User/snippets'
[2020-04-19 11:39:11.803] [sharedprocess] [info] Starting to clean up unused language packs.
[2020-04-19 11:40:09.791] [sharedprocess] [info] Installing extension: vscode-icons-team.vscode-icons
[2020-04-19 11:40:10.552] [sharedprocess] [info] Downloaded extension: vscode-icons-team.vscode-icons /tmp/bf19e003-7e86-40b2-9a13-3d09a036d109
[2020-04-19 11:40:11.565] [sharedprocess] [info] Extracted extension to /home/toy/.vscode/extensions/.vscode-icons-team.vscode-icons-10.1.1: vscode-icons-team.vscode-icons
[2020-04-19 11:40:11.566] [sharedprocess] [info] Renamed to /home/toy/.vscode/extensions/vscode-icons-team.vscode-icons-10.1.1
[2020-04-19 11:40:11.569] [sharedprocess] [info] Installation completed. vscode-icons-team.vscode-icons
[2020-04-19 11:40:11.576] [sharedprocess] [info] Extensions installed successfully: vscode-icons-team.vscode-icons
[2020-04-19 11:40:45.090] [sharedprocess] [info] Installing extension: formulahendry.auto-rename-tag
[2020-04-19 11:40:45.889] [sharedprocess] [info] Downloaded extension: formulahendry.auto-rename-tag /tmp/8983856b-1b23-424e-9d76-5652842024d3
[2020-04-19 11:40:45.933] [sharedprocess] [info] Extracted extension to /home/toy/.vscode/extensions/.formulahendry.auto-rename-tag-0.1.1: formulahendry.auto-rename-tag
[2020-04-19 11:40:45.933] [sharedprocess] [info] Renamed to /home/toy/.vscode/extensions/formulahendry.auto-rename-tag-0.1.1
[2020-04-19 11:40:45.934] [sharedprocess] [info] Installation completed. formulahendry.auto-rename-tag
[2020-04-19 11:40:45.955] [sharedprocess] [info] Extensions installed successfully: formulahendry.auto-rename-tag
[2020-04-19 11:40:55.177] [sharedprocess] [info] Installing extension: christian-kohler.path-intellisense
[2020-04-19 11:40:55.620] [sharedprocess] [info] Downloaded extension: christian-kohler.path-intellisense /tmp/76cd0093-279c-4d69-be46-8f4d6d6ec7ad
[2020-04-19 11:40:55.769] [sharedprocess] [info] Extracted extension to /home/toy/.vscode/extensions/.christian-kohler.path-intellisense-1.4.2: christian-kohler.path-intellisense
[2020-04-19 11:40:55.769] [sharedprocess] [info] Renamed to /home/toy/.vscode/extensions/christian-kohler.path-intellisense-1.4.2
[2020-04-19 11:40:55.770] [sharedprocess] [info] Installation completed. christian-kohler.path-intellisense
[2020-04-19 11:40:55.797] [sharedprocess] [info] Extensions installed successfully: christian-kohler.path-intellisense
[2020-04-19 11:41:20.979] [sharedprocess] [info] Installing extension: ericadamski.carbon-now-sh
[2020-04-19 11:41:21.583] [sharedprocess] [info] Downloaded extension: ericadamski.carbon-now-sh /tmp/7687a6b3-67cf-4490-a214-b104c8df001b
[2020-04-19 11:41:21.664] [sharedprocess] [info] Extracted extension to /home/toy/.vscode/extensions/.ericadamski.carbon-now-sh-1.2.0: ericadamski.carbon-now-sh
[2020-04-19 11:41:21.665] [sharedprocess] [info] Renamed to /home/toy/.vscode/extensions/ericadamski.carbon-now-sh-1.2.0
[2020-04-19 11:41:21.668] [sharedprocess] [info] Installation completed. ericadamski.carbon-now-sh
[2020-04-19 11:41:21.698] [sharedprocess] [info] Extensions installed successfully: ericadamski.carbon-now-sh
[2020-04-19 11:41:31.553] [sharedprocess] [info] Installing extension: esbenp.prettier-vscode
[2020-04-19 11:41:32.465] [sharedprocess] [info] Downloaded extension: esbenp.prettier-vscode /tmp/3fa400ee-d043-4219-88ad-fbeb59d105d5
[2020-04-19 11:41:32.711] [sharedprocess] [info] Extracted extension to /home/toy/.vscode/extensions/.esbenp.prettier-vscode-4.4.0: esbenp.prettier-vscode
[2020-04-19 11:41:32.711] [sharedprocess] [info] Renamed to /home/toy/.vscode/extensions/esbenp.prettier-vscode-4.4.0
[2020-04-19 11:41:32.712] [sharedprocess] [info] Installation completed. esbenp.prettier-vscode
[2020-04-19 11:41:32.734] [sharedprocess] [info] Extensions installed successfully: esbenp.prettier-vscode
[2020-04-19 11:41:48.291] [sharedprocess] [info] Installing extension: chrmarti.regex
[2020-04-19 11:41:49.305] [sharedprocess] [info] Downloaded extension: chrmarti.regex /tmp/f13ed007-cb6f-496d-89d1-ceb726bd0dc2
[2020-04-19 11:41:51.193] [sharedprocess] [info] Extracted extension to /home/toy/.vscode/extensions/.chrmarti.regex-0.2.0: chrmarti.regex
[2020-04-19 11:41:51.193] [sharedprocess] [info] Renamed to /home/toy/.vscode/extensions/chrmarti.regex-0.2.0
[2020-04-19 11:41:51.193] [sharedprocess] [info] Installation completed. chrmarti.regex
[2020-04-19 11:41:51.227] [sharedprocess] [info] Extensions installed successfully: chrmarti.regex
[2020-04-19 11:42:15.700] [sharedprocess] [info] Installing extension: sporiley.css-auto-prefix
[2020-04-19 11:42:16.471] [sharedprocess] [info] Downloaded extension: sporiley.css-auto-prefix /tmp/1a6db2ec-8af0-428c-b504-088b43417126
[2020-04-19 11:42:16.496] [sharedprocess] [info] Extracted extension to /home/toy/.vscode/extensions/.sporiley.css-auto-prefix-0.1.7: sporiley.css-auto-prefix
[2020-04-19 11:42:16.496] [sharedprocess] [info] Renamed to /home/toy/.vscode/extensions/sporiley.css-auto-prefix-0.1.7
[2020-04-19 11:42:16.496] [sharedprocess] [info] Installation completed. sporiley.css-auto-prefix
[2020-04-19 11:42:16.504] [sharedprocess] [info] Extensions installed successfully: sporiley.css-auto-prefix
[2020-04-19 11:43:03.923] [sharedprocess] [info] Installing extension: bierner.emojisense
[2020-04-19 11:43:04.656] [sharedprocess] [info] Downloaded extension: bierner.emojisense /tmp/f88db3ed-5919-488c-922a-1c8fbb859acf
[2020-04-19 11:43:04.699] [sharedprocess] [info] Extracted extension to /home/toy/.vscode/extensions/.bierner.emojisense-0.6.1: bierner.emojisense
[2020-04-19 11:43:04.700] [sharedprocess] [info] Renamed to /home/toy/.vscode/extensions/bierner.emojisense-0.6.1
[2020-04-19 11:43:04.701] [sharedprocess] [info] Installation completed. bierner.emojisense
[2020-04-19 11:43:04.707] [sharedprocess] [info] Extensions installed successfully: bierner.emojisense
[2020-04-19 11:43:15.136] [sharedprocess] [info] Installing extension: wayou.vscode-todo-highlight
[2020-04-19 11:43:15.796] [sharedprocess] [info] Downloaded extension: wayou.vscode-todo-highlight /tmp/df566f7c-12d5-4ef6-8f17-2782b9691276
[2020-04-19 11:43:15.853] [sharedprocess] [info] Extracted extension to /home/toy/.vscode/extensions/.wayou.vscode-todo-highlight-1.0.4: wayou.vscode-todo-highlight
[2020-04-19 11:43:15.853] [sharedprocess] [info] Renamed to /home/toy/.vscode/extensions/wayou.vscode-todo-highlight-1.0.4
[2020-04-19 11:43:15.853] [sharedprocess] [info] Installation completed. wayou.vscode-todo-highlight
[2020-04-19 11:43:15.862] [sharedprocess] [info] Extensions installed successfully: wayou.vscode-todo-highlight
[2020-04-19 11:43:36.369] [sharedprocess] [info] Installing extension: formulahendry.code-runner
[2020-04-19 11:43:36.830] [sharedprocess] [info] Downloaded extension: formulahendry.code-runner /tmp/eafe16cd-cfaa-4fb3-aceb-ff523b7ae993
[2020-04-19 11:43:36.963] [sharedprocess] [info] Extracted extension to /home/toy/.vscode/extensions/.formulahendry.code-runner-0.9.17: formulahendry.code-runner
[2020-04-19 11:43:36.963] [sharedprocess] [info] Renamed to /home/toy/.vscode/extensions/formulahendry.code-runner-0.9.17
[2020-04-19 11:43:36.964] [sharedprocess] [info] Installation completed. formulahendry.code-runner
[2020-04-19 11:43:36.986] [sharedprocess] [info] Extensions installed successfully: formulahendry.code-runner
[2020-04-19 11:44:26.789] [sharedprocess] [info] Installing extension: vscodevim.vim
[2020-04-19 11:44:32.610] [sharedprocess] [info] Downloaded extension: vscodevim.vim /tmp/2585d2fb-6525-44fd-844b-4e0eb901b535
[2020-04-19 11:44:37.476] [sharedprocess] [info] Extracted extension to /home/toy/.vscode/extensions/.vscodevim.vim-1.13.1: vscodevim.vim
[2020-04-19 11:44:37.476] [sharedprocess] [info] Renamed to /home/toy/.vscode/extensions/vscodevim.vim-1.13.1
[2020-04-19 11:44:37.477] [sharedprocess] [info] Installation completed. vscodevim.vim
[2020-04-19 11:44:37.502] [sharedprocess] [info] Extensions installed successfully: vscodevim.vim
[2020-04-19 11:45:31.413] [sharedprocess] [info] Installing extension: shalldie.background
[2020-04-19 11:45:31.948] [sharedprocess] [info] Downloaded extension: shalldie.background /tmp/f337ae4e-d9ec-47d1-b11e-e28545be69b9
[2020-04-19 11:45:31.982] [sharedprocess] [info] Extracted extension to /home/toy/.vscode/extensions/.shalldie.background-1.1.23: shalldie.background
[2020-04-19 11:45:31.982] [sharedprocess] [info] Renamed to /home/toy/.vscode/extensions/shalldie.background-1.1.23
[2020-04-19 11:45:31.982] [sharedprocess] [info] Installation completed. shalldie.background
[2020-04-19 11:45:31.989] [sharedprocess] [info] Extensions installed successfully: shalldie.background
